<?xml version="1.0" encoding="UTF-8"?>
<coverage generated="1786746094">
  <project timestamp="1786746094" name="Clover Coverage">
    <package name="Kinetis\Persistence">
      <file name="/app/packages/persistence/src/ConnectionOptions.php">
        <class name="Kinetis\Persistence\ConnectionOptions" namespace="Kinetis\Persistence">
          <metrics complexity="18" methods="2" coveredmethods="2" conditionals="0" coveredconditionals="0" statements="25" coveredstatements="25" elements="27" coveredelements="27"/>
        </class>
        <line num="31" type="method" name="__construct" visibility="public" complexity="7" crap="7" count="66"/>
        <line num="44" type="stmt" count="66"/>
        <line num="45" type="stmt" count="66"/>
        <line num="46" type="stmt" count="3"/>
        <line num="47" type="stmt" count="3"/>
        <line num="48" type="stmt" count="3"/>
        <line num="52" type="stmt" count="63"/>
        <line num="53" type="stmt" count="1"/>
        <line num="56" type="stmt" count="63"/>
        <line num="57" type="stmt" count="2"/>
        <line num="69" type="method" name="rejectUnsupported" visibility="public" complexity="11" crap="11" count="87"/>
        <line num="71" type="stmt" count="87"/>
        <line num="72" type="stmt" count="87"/>
        <line num="73" type="stmt" count="8"/>
        <line num="74" type="stmt" count="42"/>
        <line num="75" type="stmt" count="50"/>
        <line num="76" type="stmt" count="8"/>
        <line num="77" type="stmt" count="48"/>
        <line num="78" type="stmt" count="40"/>
        <line num="79" type="stmt" count="45"/>
        <line num="80" type="stmt" count="1"/>
        <line num="81" type="stmt" count="87"/>
        <line num="83" type="stmt" count="86"/>
        <line num="84" type="stmt" count="19"/>
        <line num="85" type="stmt" count="19"/>
        <line num="86" type="stmt" count="19"/>
        <line num="87" type="stmt" count="19"/>
        <metrics loc="92" ncloc="63" classes="1" methods="2" coveredmethods="2" conditionals="0" coveredconditionals="0" statements="25" coveredstatements="25" elements="27" coveredelements="27"/>
      </file>
      <file name="/app/packages/persistence/src/SqlConnectionFactory.php">
        <class name="Kinetis\Persistence\SqlConnectionFactory" namespace="Kinetis\Persistence">
          <metrics complexity="20" methods="2" coveredmethods="2" conditionals="0" coveredconditionals="0" statements="48" coveredstatements="48" elements="50" coveredelements="50"/>
        </class>
        <line num="77" type="method" name="fromConfig" visibility="public" complexity="14" crap="14" count="20"/>
        <line num="79" type="stmt" count="20"/>
        <line num="80" type="stmt" count="20"/>
        <line num="81" type="stmt" count="20"/>
        <line num="82" type="stmt" count="20"/>
        <line num="84" type="stmt" count="20"/>
        <line num="85" type="stmt" count="20"/>
        <line num="87" type="stmt" count="18"/>
        <line num="88" type="stmt" count="1"/>
        <line num="91" type="stmt" count="17"/>
        <line num="93" type="stmt" count="17"/>
        <line num="94" type="stmt" count="1"/>
        <line num="97" type="stmt" count="17"/>
        <line num="98" type="stmt" count="1"/>
        <line num="99" type="stmt" count="1"/>
        <line num="100" type="stmt" count="1"/>
        <line num="103" type="stmt" count="16"/>
        <line num="104" type="stmt" count="16"/>
        <line num="106" type="stmt" count="16"/>
        <line num="109" type="stmt" count="16"/>
        <line num="110" type="stmt" count="8"/>
        <line num="111" type="stmt" count="6"/>
        <line num="112" type="stmt" count="14"/>
        <line num="119" type="method" name="buildOptions" visibility="private" complexity="6" crap="6" count="16"/>
        <line num="123" type="stmt" count="16"/>
        <line num="124" type="stmt" count="16"/>
        <line num="125" type="stmt" count="16"/>
        <line num="127" type="stmt" count="16"/>
        <line num="128" type="stmt" count="6"/>
        <line num="129" type="stmt" count="6"/>
        <line num="131" type="stmt" count="6"/>
        <line num="132" type="stmt" count="4"/>
        <line num="134" type="stmt" count="2"/>
        <line num="138" type="stmt" count="16"/>
        <line num="139" type="stmt" count="16"/>
        <line num="140" type="stmt" count="15"/>
        <line num="142" type="stmt" count="16"/>
        <line num="143" type="stmt" count="16"/>
        <line num="144" type="stmt" count="15"/>
        <line num="147" type="stmt" count="16"/>
        <line num="149" type="stmt" count="16"/>
        <line num="150" type="stmt" count="16"/>
        <line num="151" type="stmt" count="16"/>
        <line num="152" type="stmt" count="16"/>
        <line num="153" type="stmt" count="16"/>
        <line num="154" type="stmt" count="16"/>
        <line num="155" type="stmt" count="16"/>
        <line num="156" type="stmt" count="16"/>
        <line num="157" type="stmt" count="16"/>
        <line num="158" type="stmt" count="16"/>
        <metrics loc="161" ncloc="109" classes="1" methods="2" coveredmethods="2" conditionals="0" coveredconditionals="0" statements="48" coveredstatements="48" elements="50" coveredelements="50"/>
      </file>
      <file name="/app/packages/persistence/src/TransactionGuard.php">
        <class name="Kinetis\Persistence\TransactionGuard" namespace="Kinetis\Persistence">
          <metrics complexity="8" methods="4" coveredmethods="4" conditionals="0" coveredconditionals="0" statements="19" coveredstatements="19" elements="23" coveredelements="23"/>
        </class>
        <line num="37" type="method" name="__construct" visibility="public" complexity="1" crap="1" count="16"/>
        <line num="39" type="stmt" count="16"/>
        <line num="41" type="method" name="beginTransaction" visibility="public" complexity="1" crap="1" count="15"/>
        <line num="43" type="stmt" count="15"/>
        <line num="44" type="stmt" count="15"/>
        <line num="46" type="stmt" count="15"/>
        <line num="61" type="method" name="transaction" visibility="public" complexity="3" crap="3" count="8"/>
        <line num="63" type="stmt" count="8"/>
        <line num="66" type="stmt" count="8"/>
        <line num="67" type="stmt" count="7"/>
        <line num="69" type="stmt" count="7"/>
        <line num="70" type="stmt" count="5"/>
        <line num="71" type="stmt" count="5"/>
        <line num="72" type="stmt" count="5"/>
        <line num="75" type="stmt" count="5"/>
        <line num="86" type="method" name="rollbackDangling" visibility="public" complexity="3" crap="3" count="10"/>
        <line num="88" type="stmt" count="10"/>
        <line num="89" type="stmt" count="9"/>
        <line num="90" type="stmt" count="7"/>
        <line num="91" type="stmt" count="7"/>
        <line num="92" type="stmt" count="7"/>
        <line num="93" type="stmt" count="7"/>
        <line num="97" type="stmt" count="10"/>
        <metrics loc="100" ncloc="60" classes="1" methods="4" coveredmethods="4" conditionals="0" coveredconditionals="0" statements="19" coveredstatements="19" elements="23" coveredelements="23"/>
      </file>
    </package>
    <file name="/app/packages/persistence/src/Contract/MysqlLink.php">
      <metrics loc="14" ncloc="10" classes="0" methods="0" coveredmethods="0" conditionals="0" coveredconditionals="0" statements="0" coveredstatements="0" elements="0" coveredelements="0"/>
    </file>
    <file name="/app/packages/persistence/src/Contract/MysqlTransaction.php">
      <metrics loc="14" ncloc="10" classes="0" methods="0" coveredmethods="0" conditionals="0" coveredconditionals="0" statements="0" coveredstatements="0" elements="0" coveredelements="0"/>
    </file>
    <file name="/app/packages/persistence/src/Contract/PostgresLink.php">
      <metrics loc="13" ncloc="10" classes="0" methods="0" coveredmethods="0" conditionals="0" coveredconditionals="0" statements="0" coveredstatements="0" elements="0" coveredelements="0"/>
    </file>
    <file name="/app/packages/persistence/src/Contract/PostgresTransaction.php">
      <metrics loc="14" ncloc="10" classes="0" methods="0" coveredmethods="0" conditionals="0" coveredconditionals="0" statements="0" coveredstatements="0" elements="0" coveredelements="0"/>
    </file>
    <file name="/app/packages/persistence/src/Contract/SqlLink.php">
      <metrics loc="38" ncloc="19" classes="0" methods="0" coveredmethods="0" conditionals="0" coveredconditionals="0" statements="0" coveredstatements="0" elements="0" coveredelements="0"/>
    </file>
    <file name="/app/packages/persistence/src/Contract/SqlResult.php">
      <metrics loc="46" ncloc="19" classes="0" methods="0" coveredmethods="0" conditionals="0" coveredconditionals="0" statements="0" coveredstatements="0" elements="0" coveredelements="0"/>
    </file>
    <file name="/app/packages/persistence/src/Contract/SqlTransaction.php">
      <metrics loc="21" ncloc="15" classes="0" methods="0" coveredmethods="0" conditionals="0" coveredconditionals="0" statements="0" coveredstatements="0" elements="0" coveredelements="0"/>
    </file>
    <package name="Kinetis\Persistence\Driver">
      <file name="/app/packages/persistence/src/Driver/AbstractTransaction.php">
        <class name="Kinetis\Persistence\Driver\AbstractTransaction" namespace="Kinetis\Persistence\Driver">
          <metrics complexity="11" methods="9" coveredmethods="9" conditionals="0" coveredconditionals="0" statements="17" coveredstatements="17" elements="26" coveredelements="26"/>
        </class>
        <line num="25" type="method" name="query" visibility="public" complexity="1" crap="1" count="4"/>
        <line num="27" type="stmt" count="4"/>
        <line num="29" type="stmt" count="4"/>
        <line num="32" type="method" name="execute" visibility="public" complexity="1" crap="1" count="12"/>
        <line num="34" type="stmt" count="12"/>
        <line num="36" type="stmt" count="12"/>
        <line num="39" type="method" name="beginTransaction" visibility="public" complexity="1" crap="1" count="4"/>
        <line num="41" type="stmt" count="4"/>
        <line num="44" type="method" name="commit" visibility="public" complexity="1" crap="1" count="12"/>
        <line num="46" type="stmt" count="12"/>
        <line num="47" type="stmt" count="8"/>
        <line num="48" type="stmt" count="8"/>
        <line num="51" type="method" name="rollback" visibility="public" complexity="1" crap="1" count="16"/>
        <line num="53" type="stmt" count="16"/>
        <line num="54" type="stmt" count="16"/>
        <line num="55" type="stmt" count="16"/>
        <line num="58" type="method" name="isActive" visibility="public" complexity="1" crap="1" count="16"/>
        <line num="60" type="stmt" count="16"/>
        <line num="63" type="method" name="close" visibility="public" complexity="2" crap="2" count="4"/>
        <line num="65" type="stmt" count="4"/>
        <line num="66" type="stmt" count="4"/>
        <line num="70" type="method" name="isClosed" visibility="public" complexity="1" crap="1" count="4"/>
        <line num="72" type="stmt" count="4"/>
        <line num="96" type="method" name="assertActive" visibility="private" complexity="2" crap="2" count="16"/>
        <line num="98" type="stmt" count="16"/>
        <line num="99" type="stmt" count="4"/>
        <metrics loc="103" ncloc="80" classes="1" methods="9" coveredmethods="9" conditionals="0" coveredconditionals="0" statements="17" coveredstatements="17" elements="26" coveredelements="26"/>
      </file>
      <file name="/app/packages/persistence/src/Driver/BufferedSqlResult.php">
        <class name="Kinetis\Persistence\Driver\BufferedSqlResult" namespace="Kinetis\Persistence\Driver">
          <metrics complexity="6" methods="6" coveredmethods="6" conditionals="0" coveredconditionals="0" statements="6" coveredstatements="6" elements="12" coveredelements="12"/>
        </class>
        <line num="25" type="method" name="__construct" visibility="public" complexity="1" crap="1" count="40"/>
        <line num="30" type="stmt" count="40"/>
        <line num="32" type="method" name="getIterator" visibility="public" complexity="1" crap="1" count="5"/>
        <line num="34" type="stmt" count="5"/>
        <line num="37" type="method" name="fetchRow" visibility="public" complexity="1" crap="1" count="30"/>
        <line num="39" type="stmt" count="30"/>
        <line num="42" type="method" name="getRowCount" visibility="public" complexity="1" crap="1" count="5"/>
        <line num="44" type="stmt" count="5"/>
        <line num="47" type="method" name="getColumnCount" visibility="public" complexity="1" crap="1" count="1"/>
        <line num="49" type="stmt" count="1"/>
        <line num="52" type="method" name="getLastInsertId" visibility="public" complexity="1" crap="1" count="4"/>
        <line num="54" type="stmt" count="4"/>
        <metrics loc="57" ncloc="47" classes="1" methods="6" coveredmethods="6" conditionals="0" coveredconditionals="0" statements="6" coveredstatements="6" elements="12" coveredelements="12"/>
      </file>
      <file name="/app/packages/persistence/src/Driver/MysqliAsyncClient.php">
        <class name="Kinetis\Persistence\Driver\MysqliAsyncClient" namespace="Kinetis\Persistence\Driver">
          <metrics complexity="86" methods="18" coveredmethods="7" conditionals="0" coveredconditionals="0" statements="193" coveredstatements="137" elements="211" coveredelements="144"/>
        </class>
        <line num="94" type="method" name="__construct" visibility="public" complexity="1" crap="1" count="29"/>
        <line num="102" type="stmt" count="29"/>
        <line num="106" type="stmt" count="29"/>
        <line num="107" type="stmt" count="24"/>
        <line num="110" type="method" name="query" visibility="public" complexity="1" crap="1" count="11"/>
        <line num="112" type="stmt" count="11"/>
        <line num="115" type="method" name="execute" visibility="public" complexity="1" crap="1" count="5"/>
        <line num="117" type="stmt" count="5"/>
        <line num="118" type="stmt" count="5"/>
        <line num="119" type="stmt" count="5"/>
        <line num="122" type="method" name="beginTransaction" visibility="public" complexity="5" crap="9.66" count="4"/>
        <line num="124" type="stmt" count="4"/>
        <line num="125" type="stmt" count="4"/>
        <line num="128" type="stmt" count="4"/>
        <line num="129" type="stmt" count="0"/>
        <line num="130" type="stmt" count="0"/>
        <line num="132" type="stmt" count="0"/>
        <line num="133" type="stmt" count="0"/>
        <line num="136" type="stmt" count="0"/>
        <line num="137" type="stmt" count="0"/>
        <line num="138" type="stmt" count="0"/>
        <line num="140" type="stmt" count="0"/>
        <line num="143" type="stmt" count="4"/>
        <line num="144" type="stmt" count="4"/>
        <line num="145" type="stmt" count="4"/>
        <line num="149" type="method" name="close" visibility="public" complexity="7" crap="7.32" count="11"/>
        <line num="151" type="stmt" count="11"/>
        <line num="152" type="stmt" count="1"/>
        <line num="155" type="stmt" count="11"/>
        <line num="157" type="stmt" count="11"/>
        <line num="158" type="stmt" count="11"/>
        <line num="159" type="stmt" count="11"/>
        <line num="162" type="stmt" count="11"/>
        <line num="163" type="stmt" count="0"/>
        <line num="165" type="stmt" count="11"/>
        <line num="167" type="stmt" count="11"/>
        <line num="168" type="stmt" count="0"/>
        <line num="171" type="stmt" count="11"/>
        <line num="173" type="stmt" count="11"/>
        <line num="174" type="stmt" count="0"/>
        <line num="178" type="stmt" count="11"/>
        <line num="179" type="stmt" count="11"/>
        <line num="182" type="method" name="isClosed" visibility="public" complexity="1" crap="1" count="1"/>
        <line num="184" type="stmt" count="1"/>
        <line num="193" type="method" name="runPooled" visibility="private" complexity="4" crap="4.37" count="11"/>
        <line num="195" type="stmt" count="11"/>
        <line num="196" type="stmt" count="11"/>
        <line num="199" type="stmt" count="11"/>
        <line num="200" type="stmt" count="1"/>
        <line num="201" type="stmt" count="0"/>
        <line num="202" type="stmt" count="0"/>
        <line num="207" type="stmt" count="11"/>
        <line num="219" type="method" name="queryOn" visibility="public" complexity="4" crap="4.77" count="11"/>
        <line num="221" type="stmt" count="11"/>
        <line num="222" type="stmt" count="0"/>
        <line num="226" type="stmt" count="11"/>
        <line num="227" type="stmt" count="0"/>
        <line num="228" type="stmt" count="0"/>
        <line num="231" type="stmt" count="11"/>
        <line num="232" type="stmt" count="0"/>
        <line num="235" type="stmt" count="11"/>
        <line num="236" type="stmt" count="11"/>
        <line num="237" type="stmt" count="11"/>
        <line num="240" type="stmt" count="11"/>
        <line num="248" type="method" name="executeOn" visibility="public" complexity="1" crap="1" count="3"/>
        <line num="250" type="stmt" count="3"/>
        <line num="253" type="method" name="dispatchFailure" visibility="private" complexity="3" crap="12" count="0"/>
        <line num="255" type="stmt" count="0"/>
        <line num="256" type="stmt" count="0"/>
        <line num="258" type="stmt" count="0"/>
        <line num="259" type="stmt" count="0"/>
        <line num="261" type="stmt" count="0"/>
        <line num="264" type="stmt" count="0"/>
        <line num="270" type="method" name="interpolate" visibility="private" complexity="8" crap="8.04" count="6"/>
        <line num="272" type="stmt" count="6"/>
        <line num="273" type="stmt" count="6"/>
        <line num="274" type="stmt" count="0"/>
        <line num="275" type="stmt" count="6"/>
        <line num="276" type="stmt" count="6"/>
        <line num="277" type="stmt" count="2"/>
        <line num="278" type="stmt" count="2"/>
        <line num="279" type="stmt" count="6"/>
        <line num="280" type="stmt" count="6"/>
        <line num="281" type="stmt" count="6"/>
        <line num="282" type="stmt" count="6"/>
        <line num="283" type="stmt" count="6"/>
        <line num="286" type="method" name="acquire" visibility="private" complexity="6" crap="6" count="11"/>
        <line num="288" type="stmt" count="11"/>
        <line num="289" type="stmt" count="11"/>
        <line num="290" type="stmt" count="1"/>
        <line num="293" type="stmt" count="11"/>
        <line num="295" type="stmt" count="11"/>
        <line num="296" type="stmt" count="7"/>
        <line num="299" type="stmt" count="11"/>
        <line num="300" type="stmt" count="11"/>
        <line num="303" type="stmt" count="1"/>
        <line num="304" type="stmt" count="1"/>
        <line num="305" type="stmt" count="1"/>
        <line num="307" type="stmt" count="1"/>
        <line num="308" type="stmt" count="1"/>
        <line num="317" type="method" name="release" visibility="public" complexity="10" crap="15.69" count="11"/>
        <line num="319" type="stmt" count="11"/>
        <line num="321" type="stmt" count="11"/>
        <line num="322" type="stmt" count="0"/>
        <line num="323" type="stmt" count="0"/>
        <line num="326" type="stmt" count="11"/>
        <line num="327" type="stmt" count="0"/>
        <line num="330" type="stmt" count="0"/>
        <line num="331" type="stmt" count="0"/>
        <line num="336" type="stmt" count="11"/>
        <line num="337" type="stmt" count="1"/>
        <line num="339" type="stmt" count="1"/>
        <line num="342" type="stmt" count="11"/>
        <line num="343" type="stmt" count="11"/>
        <line num="347" type="method" name="connect" visibility="private" complexity="8" crap="8.51" count="11"/>
        <line num="349" type="stmt" count="11"/>
        <line num="352" type="stmt" count="11"/>
        <line num="354" type="stmt" count="11"/>
        <line num="355" type="stmt" count="0"/>
        <line num="358" type="stmt" count="11"/>
        <line num="360" type="stmt" count="11"/>
        <line num="361" type="stmt" count="1"/>
        <line num="364" type="stmt" count="11"/>
        <line num="365" type="stmt" count="11"/>
        <line num="366" type="stmt" count="11"/>
        <line num="367" type="stmt" count="11"/>
        <line num="368" type="stmt" count="11"/>
        <line num="369" type="stmt" count="11"/>
        <line num="370" type="stmt" count="11"/>
        <line num="371" type="stmt" count="11"/>
        <line num="372" type="stmt" count="0"/>
        <line num="373" type="stmt" count="0"/>
        <line num="376" type="stmt" count="11"/>
        <line num="377" type="stmt" count="0"/>
        <line num="384" type="stmt" count="11"/>
        <line num="386" type="stmt" count="11"/>
        <line num="389" type="stmt" count="11"/>
        <line num="390" type="stmt" count="11"/>
        <line num="391" type="stmt" count="11"/>
        <line num="392" type="stmt" count="11"/>
        <line num="393" type="stmt" count="11"/>
        <line num="395" type="stmt" count="0"/>
        <line num="396" type="stmt" count="0"/>
        <line num="399" type="stmt" count="11"/>
        <line num="401" type="stmt" count="11"/>
        <line num="404" type="method" name="enablePolling" visibility="private" complexity="2" crap="2" count="11"/>
        <line num="406" type="stmt" count="11"/>
        <line num="407" type="stmt" count="11"/>
        <line num="408" type="stmt" count="11"/>
        <line num="409" type="stmt" count="11"/>
        <line num="411" type="stmt" count="11"/>
        <line num="414" type="stmt" count="7"/>
        <line num="417" type="method" name="poll" visibility="private" complexity="14" crap="32.87" count="11"/>
        <line num="419" type="stmt" count="11"/>
        <line num="420" type="stmt" count="0"/>
        <line num="421" type="stmt" count="0"/>
        <line num="424" type="stmt" count="0"/>
        <line num="427" type="stmt" count="11"/>
        <line num="429" type="stmt" count="11"/>
        <line num="430" type="stmt" count="11"/>
        <line num="433" type="stmt" count="11"/>
        <line num="436" type="stmt" count="11"/>
        <line num="437" type="stmt" count="0"/>
        <line num="438" type="stmt" count="0"/>
        <line num="439" type="stmt" count="0"/>
        <line num="442" type="stmt" count="0"/>
        <line num="445" type="stmt" count="11"/>
        <line num="446" type="stmt" count="11"/>
        <line num="447" type="stmt" count="11"/>
        <line num="451" type="stmt" count="11"/>
        <line num="452" type="stmt" count="0"/>
        <line num="453" type="stmt" count="0"/>
        <line num="454" type="stmt" count="0"/>
        <line num="457" type="stmt" count="11"/>
        <line num="458" type="stmt" count="0"/>
        <line num="461" type="stmt" count="11"/>
        <line num="462" type="stmt" count="11"/>
        <line num="466" type="method" name="finishPending" visibility="private" complexity="8" crap="8.11" count="11"/>
        <line num="468" type="stmt" count="11"/>
        <line num="469" type="stmt" count="11"/>
        <line num="471" type="stmt" count="11"/>
        <line num="472" type="stmt" count="0"/>
        <line num="475" type="stmt" count="11"/>
        <line num="476" type="stmt" count="11"/>
        <line num="480" type="stmt" count="11"/>
        <line num="481" type="stmt" count="1"/>
        <line num="482" type="stmt" count="1"/>
        <line num="484" type="stmt" count="1"/>
        <line num="487" type="stmt" count="11"/>
        <line num="488" type="stmt" count="0"/>
        <line num="490" type="stmt" count="0"/>
        <line num="493" type="stmt" count="11"/>
        <line num="494" type="stmt" count="6"/>
        <line num="495" type="stmt" count="6"/>
        <line num="496" type="stmt" count="6"/>
        <line num="497" type="stmt" count="6"/>
        <line num="498" type="stmt" count="6"/>
        <line num="499" type="stmt" count="6"/>
        <line num="501" type="stmt" count="6"/>
        <line num="505" type="stmt" count="11"/>
        <line num="506" type="stmt" count="11"/>
        <line num="507" type="stmt" count="11"/>
        <line num="509" type="stmt" count="11"/>
        <line num="512" type="method" name="failPending" visibility="private" complexity="2" crap="6" count="0"/>
        <line num="514" type="stmt" count="0"/>
        <line num="515" type="stmt" count="0"/>
        <line num="517" type="stmt" count="0"/>
        <line num="518" type="stmt" count="0"/>
        <line num="521" type="stmt" count="0"/>
        <line num="522" type="stmt" count="0"/>
        <line num="523" type="stmt" count="0"/>
        <metrics loc="526" ncloc="435" classes="1" methods="18" coveredmethods="7" conditionals="0" coveredconditionals="0" statements="193" coveredstatements="137" elements="211" coveredelements="144"/>
      </file>
      <file name="/app/packages/persistence/src/Driver/MysqliAsyncTransaction.php">
        <class name="Kinetis\Persistence\Driver\MysqliAsyncTransaction" namespace="Kinetis\Persistence\Driver">
          <metrics complexity="6" methods="5" coveredmethods="5" conditionals="0" coveredconditionals="0" statements="6" coveredstatements="6" elements="11" coveredelements="11"/>
        </class>
        <line num="23" type="method" name="__construct" visibility="public" complexity="1" crap="1" count="4"/>
        <line num="27" type="stmt" count="4"/>
        <line num="29" type="method" name="run" visibility="protected" complexity="1" crap="1" count="1"/>
        <line num="31" type="stmt" count="1"/>
        <line num="34" type="method" name="runWithParams" visibility="protected" complexity="1" crap="1" count="3"/>
        <line num="36" type="stmt" count="3"/>
        <line num="39" type="method" name="finish" visibility="protected" complexity="2" crap="2" count="4"/>
        <line num="42" type="stmt" count="4"/>
        <line num="44" type="stmt" count="4"/>
        <line num="48" type="method" name="driverLabel" visibility="protected" complexity="1" crap="1" count="1"/>
        <line num="50" type="stmt" count="1"/>
        <metrics loc="53" ncloc="44" classes="1" methods="5" coveredmethods="5" conditionals="0" coveredconditionals="0" statements="6" coveredstatements="6" elements="11" coveredelements="11"/>
      </file>
      <file name="/app/packages/persistence/src/Driver/PdoExecutionTrait.php">
        <class name="Kinetis\Persistence\Driver\PdoExecutionTrait" namespace="Kinetis\Persistence\Driver">
          <metrics complexity="10" methods="5" coveredmethods="3" conditionals="0" coveredconditionals="0" statements="20" coveredstatements="17" elements="25" coveredelements="20"/>
        </class>
        <line num="28" type="method" name="query" visibility="public" complexity="3" crap="3" count="16"/>
        <line num="31" type="stmt" count="16"/>
        <line num="33" type="stmt" count="16"/>
        <line num="34" type="stmt" count="16"/>
        <line num="36" type="stmt" count="4"/>
        <line num="37" type="stmt" count="2"/>
        <line num="40" type="stmt" count="16"/>
        <line num="43" type="method" name="execute" visibility="public" complexity="3" crap="3.03" count="10"/>
        <line num="46" type="stmt" count="10"/>
        <line num="48" type="stmt" count="10"/>
        <line num="49" type="stmt" count="0"/>
        <line num="52" type="stmt" count="10"/>
        <line num="53" type="stmt" count="2"/>
        <line num="54" type="stmt" count="2"/>
        <line num="57" type="stmt" count="8"/>
        <line num="60" type="method" name="close" visibility="public" complexity="1" crap="1" count="16"/>
        <line num="62" type="stmt" count="16"/>
        <line num="63" type="stmt" count="16"/>
        <line num="66" type="method" name="isClosed" visibility="public" complexity="1" crap="1" count="2"/>
        <line num="68" type="stmt" count="2"/>
        <line num="72" type="method" name="beginPdoTransaction" visibility="private" complexity="2" crap="2.50" count="8"/>
        <line num="75" type="stmt" count="8"/>
        <line num="76" type="stmt" count="0"/>
        <line num="77" type="stmt" count="0"/>
        <line num="80" type="stmt" count="8"/>
        <metrics loc="89" ncloc="77" classes="1" methods="5" coveredmethods="3" conditionals="0" coveredconditionals="0" statements="20" coveredstatements="17" elements="25" coveredelements="20"/>
      </file>
      <file name="/app/packages/persistence/src/Driver/PdoMysqlClient.php">
        <class name="Kinetis\Persistence\Driver\PdoMysqlClient" namespace="Kinetis\Persistence\Driver">
          <metrics complexity="15" methods="4" coveredmethods="3" conditionals="0" coveredconditionals="0" statements="36" coveredstatements="32" elements="40" coveredelements="35"/>
        </class>
        <line num="32" type="method" name="__construct" visibility="public" complexity="1" crap="1" count="16"/>
        <line num="40" type="stmt" count="16"/>
        <line num="44" type="stmt" count="16"/>
        <line num="47" type="method" name="beginTransaction" visibility="public" complexity="1" crap="1" count="4"/>
        <line num="49" type="stmt" count="4"/>
        <line num="53" type="method" name="buildResult" visibility="public" complexity="6" crap="6" count="8"/>
        <line num="56" type="stmt" count="8"/>
        <line num="57" type="stmt" count="8"/>
        <line num="59" type="stmt" count="8"/>
        <line num="60" type="stmt" count="8"/>
        <line num="61" type="stmt" count="8"/>
        <line num="62" type="stmt" count="8"/>
        <line num="63" type="stmt" count="8"/>
        <line num="64" type="stmt" count="8"/>
        <line num="67" type="method" name="connection" visibility="private" complexity="7" crap="7.20" count="8"/>
        <line num="69" type="stmt" count="8"/>
        <line num="70" type="stmt" count="1"/>
        <line num="73" type="stmt" count="8"/>
        <line num="74" type="stmt" count="8"/>
        <line num="77" type="stmt" count="8"/>
        <line num="78" type="stmt" count="8"/>
        <line num="79" type="stmt" count="8"/>
        <line num="80" type="stmt" count="8"/>
        <line num="81" type="stmt" count="8"/>
        <line num="82" type="stmt" count="8"/>
        <line num="84" type="stmt" count="8"/>
        <line num="85" type="stmt" count="0"/>
        <line num="88" type="stmt" count="8"/>
        <line num="89" type="stmt" count="0"/>
        <line num="93" type="stmt" count="8"/>
        <line num="94" type="stmt" count="8"/>
        <line num="95" type="stmt" count="8"/>
        <line num="96" type="stmt" count="8"/>
        <line num="97" type="stmt" count="8"/>
        <line num="98" type="stmt" count="8"/>
        <line num="100" type="stmt" count="8"/>
        <line num="103" type="stmt" count="8"/>
        <line num="105" type="stmt" count="0"/>
        <line num="106" type="stmt" count="0"/>
        <line num="109" type="stmt" count="8"/>
        <metrics loc="112" ncloc="94" classes="1" methods="4" coveredmethods="3" conditionals="0" coveredconditionals="0" statements="36" coveredstatements="32" elements="40" coveredelements="35"/>
      </file>
      <file name="/app/packages/persistence/src/Driver/PdoMysqlTransaction.php">
        <class name="Kinetis\Persistence\Driver\PdoMysqlTransaction" namespace="Kinetis\Persistence\Driver">
          <metrics complexity="0" methods="0" coveredmethods="0" conditionals="0" coveredconditionals="0" statements="0" coveredstatements="0" elements="0" coveredelements="0"/>
        </class>
        <metrics loc="15" ncloc="12" classes="0" methods="0" coveredmethods="0" conditionals="0" coveredconditionals="0" statements="0" coveredstatements="0" elements="0" coveredelements="0"/>
      </file>
      <file name="/app/packages/persistence/src/Driver/PdoPgsqlClient.php">
        <class name="Kinetis\Persistence\Driver\PdoPgsqlClient" namespace="Kinetis\Persistence\Driver">
          <metrics complexity="15" methods="4" coveredmethods="3" conditionals="0" coveredconditionals="0" statements="30" coveredstatements="23" elements="34" coveredelements="26"/>
        </class>
        <line num="30" type="method" name="__construct" visibility="public" complexity="1" crap="1" count="14"/>
        <line num="38" type="stmt" count="14"/>
        <line num="40" type="stmt" count="14"/>
        <line num="43" type="method" name="beginTransaction" visibility="public" complexity="1" crap="1" count="4"/>
        <line num="45" type="stmt" count="4"/>
        <line num="49" type="method" name="buildResult" visibility="public" complexity="4" crap="4" count="8"/>
        <line num="52" type="stmt" count="8"/>
        <line num="54" type="stmt" count="8"/>
        <line num="55" type="stmt" count="8"/>
        <line num="56" type="stmt" count="8"/>
        <line num="57" type="stmt" count="8"/>
        <line num="58" type="stmt" count="8"/>
        <line num="61" type="method" name="connection" visibility="private" complexity="9" crap="12.00" count="8"/>
        <line num="63" type="stmt" count="8"/>
        <line num="64" type="stmt" count="1"/>
        <line num="67" type="stmt" count="8"/>
        <line num="68" type="stmt" count="7"/>
        <line num="71" type="stmt" count="8"/>
        <line num="73" type="stmt" count="8"/>
        <line num="74" type="stmt" count="0"/>
        <line num="77" type="stmt" count="8"/>
        <line num="78" type="stmt" count="0"/>
        <line num="81" type="stmt" count="8"/>
        <line num="82" type="stmt" count="0"/>
        <line num="85" type="stmt" count="8"/>
        <line num="86" type="stmt" count="0"/>
        <line num="89" type="stmt" count="8"/>
        <line num="92" type="stmt" count="0"/>
        <line num="96" type="stmt" count="8"/>
        <line num="97" type="stmt" count="8"/>
        <line num="98" type="stmt" count="8"/>
        <line num="99" type="stmt" count="8"/>
        <line num="100" type="stmt" count="0"/>
        <line num="101" type="stmt" count="0"/>
        <metrics loc="105" ncloc="91" classes="1" methods="4" coveredmethods="3" conditionals="0" coveredconditionals="0" statements="30" coveredstatements="23" elements="34" coveredelements="26"/>
      </file>
      <file name="/app/packages/persistence/src/Driver/PdoPgsqlTransaction.php">
        <class name="Kinetis\Persistence\Driver\PdoPgsqlTransaction" namespace="Kinetis\Persistence\Driver">
          <metrics complexity="0" methods="0" coveredmethods="0" conditionals="0" coveredconditionals="0" statements="0" coveredstatements="0" elements="0" coveredelements="0"/>
        </class>
        <metrics loc="15" ncloc="12" classes="0" methods="0" coveredmethods="0" conditionals="0" coveredconditionals="0" statements="0" coveredstatements="0" elements="0" coveredelements="0"/>
      </file>
      <file name="/app/packages/persistence/src/Driver/PdoTransaction.php">
        <class name="Kinetis\Persistence\Driver\PdoTransaction" namespace="Kinetis\Persistence\Driver">
          <metrics complexity="12" methods="5" coveredmethods="2" conditionals="0" coveredconditionals="0" statements="18" coveredstatements="11" elements="23" coveredelements="13"/>
        </class>
        <line num="28" type="method" name="__construct" visibility="public" complexity="1" crap="1" count="8"/>
        <line num="31" type="stmt" count="8"/>
        <line num="33" type="method" name="run" visibility="protected" complexity="3" crap="3.33" count="2"/>
        <line num="36" type="stmt" count="2"/>
        <line num="38" type="stmt" count="2"/>
        <line num="39" type="stmt" count="2"/>
        <line num="41" type="stmt" count="0"/>
        <line num="42" type="stmt" count="0"/>
        <line num="45" type="stmt" count="2"/>
        <line num="48" type="method" name="runWithParams" visibility="protected" complexity="3" crap="3.71" count="6"/>
        <line num="51" type="stmt" count="6"/>
        <line num="53" type="stmt" count="6"/>
        <line num="54" type="stmt" count="0"/>
        <line num="57" type="stmt" count="6"/>
        <line num="58" type="stmt" count="0"/>
        <line num="59" type="stmt" count="0"/>
        <line num="62" type="stmt" count="6"/>
        <line num="65" type="method" name="finish" visibility="protected" complexity="4" crap="8.74" count="8"/>
        <line num="68" type="stmt" count="8"/>
        <line num="69" type="stmt" count="0"/>
        <line num="70" type="stmt" count="0"/>
        <line num="74" type="method" name="driverLabel" visibility="protected" complexity="1" crap="1" count="2"/>
        <line num="76" type="stmt" count="2"/>
        <metrics loc="79" ncloc="68" classes="1" methods="5" coveredmethods="2" conditionals="0" coveredconditionals="0" statements="18" coveredstatements="11" elements="23" coveredelements="13"/>
      </file>
      <file name="/app/packages/persistence/src/Driver/PgsqlAsyncClient.php">
        <class name="Kinetis\Persistence\Driver\PgsqlAsyncClient" namespace="Kinetis\Persistence\Driver">
          <metrics complexity="75" methods="18" coveredmethods="7" conditionals="0" coveredconditionals="0" statements="179" coveredstatements="140" elements="197" coveredelements="147"/>
        </class>
        <line num="57" type="method" name="__construct" visibility="public" complexity="1" crap="1" count="22"/>
        <line num="65" type="stmt" count="22"/>
        <line num="67" type="stmt" count="22"/>
        <line num="68" type="stmt" count="20"/>
        <line num="71" type="method" name="query" visibility="public" complexity="1" crap="1" count="10"/>
        <line num="73" type="stmt" count="10"/>
        <line num="76" type="method" name="execute" visibility="public" complexity="1" crap="1" count="5"/>
        <line num="78" type="stmt" count="5"/>
        <line num="79" type="stmt" count="5"/>
        <line num="80" type="stmt" count="5"/>
        <line num="83" type="method" name="beginTransaction" visibility="public" complexity="5" crap="9.66" count="4"/>
        <line num="85" type="stmt" count="4"/>
        <line num="86" type="stmt" count="4"/>
        <line num="89" type="stmt" count="4"/>
        <line num="90" type="stmt" count="0"/>
        <line num="91" type="stmt" count="0"/>
        <line num="93" type="stmt" count="0"/>
        <line num="94" type="stmt" count="0"/>
        <line num="97" type="stmt" count="0"/>
        <line num="98" type="stmt" count="0"/>
        <line num="99" type="stmt" count="0"/>
        <line num="101" type="stmt" count="0"/>
        <line num="104" type="stmt" count="4"/>
        <line num="105" type="stmt" count="4"/>
        <line num="106" type="stmt" count="4"/>
        <line num="110" type="method" name="close" visibility="public" complexity="4" crap="4.01" count="10"/>
        <line num="112" type="stmt" count="10"/>
        <line num="113" type="stmt" count="1"/>
        <line num="116" type="stmt" count="10"/>
        <line num="118" type="stmt" count="10"/>
        <line num="119" type="stmt" count="10"/>
        <line num="120" type="stmt" count="10"/>
        <line num="121" type="stmt" count="10"/>
        <line num="122" type="stmt" count="10"/>
        <line num="124" type="stmt" count="10"/>
        <line num="125" type="stmt" count="10"/>
        <line num="127" type="stmt" count="10"/>
        <line num="128" type="stmt" count="0"/>
        <line num="132" type="method" name="isClosed" visibility="public" complexity="1" crap="1" count="1"/>
        <line num="134" type="stmt" count="1"/>
        <line num="140" type="method" name="runPooled" visibility="private" complexity="4" crap="4.37" count="10"/>
        <line num="142" type="stmt" count="10"/>
        <line num="143" type="stmt" count="10"/>
        <line num="146" type="stmt" count="10"/>
        <line num="147" type="stmt" count="1"/>
        <line num="148" type="stmt" count="0"/>
        <line num="149" type="stmt" count="0"/>
        <line num="152" type="stmt" count="10"/>
        <line num="158" type="method" name="queryOn" visibility="public" complexity="2" crap="2.06" count="10"/>
        <line num="160" type="stmt" count="10"/>
        <line num="162" type="stmt" count="10"/>
        <line num="163" type="stmt" count="0"/>
        <line num="166" type="stmt" count="10"/>
        <line num="174" type="method" name="executeOn" visibility="public" complexity="7" crap="7.08" count="6"/>
        <line num="176" type="stmt" count="6"/>
        <line num="178" type="stmt" count="6"/>
        <line num="179" type="stmt" count="6"/>
        <line num="180" type="stmt" count="6"/>
        <line num="181" type="stmt" count="6"/>
        <line num="182" type="stmt" count="6"/>
        <line num="184" type="stmt" count="5"/>
        <line num="185" type="stmt" count="0"/>
        <line num="186" type="stmt" count="5"/>
        <line num="187" type="stmt" count="5"/>
        <line num="188" type="stmt" count="5"/>
        <line num="189" type="stmt" count="5"/>
        <line num="190" type="stmt" count="5"/>
        <line num="191" type="stmt" count="5"/>
        <line num="193" type="stmt" count="5"/>
        <line num="194" type="stmt" count="0"/>
        <line num="197" type="stmt" count="5"/>
        <line num="200" type="method" name="dispatchFailure" visibility="private" complexity="3" crap="12" count="0"/>
        <line num="202" type="stmt" count="0"/>
        <line num="203" type="stmt" count="0"/>
        <line num="205" type="stmt" count="0"/>
        <line num="206" type="stmt" count="0"/>
        <line num="209" type="stmt" count="0"/>
        <line num="212" type="method" name="awaitResult" visibility="private" complexity="1" crap="1" count="10"/>
        <line num="214" type="stmt" count="10"/>
        <line num="215" type="stmt" count="10"/>
        <line num="218" type="stmt" count="10"/>
        <line num="226" type="method" name="onReadable" visibility="private" complexity="9" crap="11.19" count="10"/>
        <line num="228" type="stmt" count="10"/>
        <line num="229" type="stmt" count="0"/>
        <line num="230" type="stmt" count="0"/>
        <line num="231" type="stmt" count="0"/>
        <line num="232" type="stmt" count="0"/>
        <line num="234" type="stmt" count="0"/>
        <line num="237" type="stmt" count="10"/>
        <line num="238" type="stmt" count="0"/>
        <line num="241" type="stmt" count="10"/>
        <line num="242" type="stmt" count="10"/>
        <line num="244" type="stmt" count="10"/>
        <line num="245" type="stmt" count="10"/>
        <line num="247" type="stmt" count="10"/>
        <line num="248" type="stmt" count="1"/>
        <line num="249" type="stmt" count="1"/>
        <line num="252" type="stmt" count="10"/>
        <line num="255" type="stmt" count="10"/>
        <line num="256" type="stmt" count="1"/>
        <line num="258" type="stmt" count="1"/>
        <line num="261" type="stmt" count="10"/>
        <line num="264" type="method" name="settle" visibility="private" complexity="3" crap="3.01" count="10"/>
        <line num="266" type="stmt" count="10"/>
        <line num="268" type="stmt" count="10"/>
        <line num="269" type="stmt" count="10"/>
        <line num="271" type="stmt" count="10"/>
        <line num="272" type="stmt" count="0"/>
        <line num="275" type="stmt" count="10"/>
        <line num="276" type="stmt" count="1"/>
        <line num="278" type="stmt" count="1"/>
        <line num="281" type="stmt" count="10"/>
        <line num="282" type="stmt" count="10"/>
        <line num="285" type="method" name="buildResult" visibility="private" complexity="13" crap="13.15" count="10"/>
        <line num="287" type="stmt" count="10"/>
        <line num="289" type="stmt" count="10"/>
        <line num="290" type="stmt" count="6"/>
        <line num="294" type="stmt" count="10"/>
        <line num="298" type="stmt" count="10"/>
        <line num="300" type="stmt" count="10"/>
        <line num="301" type="stmt" count="10"/>
        <line num="302" type="stmt" count="10"/>
        <line num="304" type="stmt" count="10"/>
        <line num="305" type="stmt" count="8"/>
        <line num="306" type="stmt" count="0"/>
        <line num="307" type="stmt" count="0"/>
        <line num="308" type="stmt" count="3"/>
        <line num="309" type="stmt" count="10"/>
        <line num="312" type="stmt" count="10"/>
        <line num="314" type="stmt" count="10"/>
        <line num="315" type="stmt" count="8"/>
        <line num="316" type="stmt" count="8"/>
        <line num="317" type="stmt" count="8"/>
        <line num="320" type="stmt" count="8"/>
        <line num="323" type="stmt" count="10"/>
        <line num="326" type="method" name="acquire" visibility="private" complexity="5" crap="5" count="10"/>
        <line num="328" type="stmt" count="10"/>
        <line num="329" type="stmt" count="10"/>
        <line num="331" type="stmt" count="10"/>
        <line num="333" type="stmt" count="10"/>
        <line num="334" type="stmt" count="7"/>
        <line num="337" type="stmt" count="10"/>
        <line num="338" type="stmt" count="10"/>
        <line num="341" type="stmt" count="1"/>
        <line num="342" type="stmt" count="1"/>
        <line num="343" type="stmt" count="1"/>
        <line num="345" type="stmt" count="1"/>
        <line num="346" type="stmt" count="1"/>
        <line num="352" type="method" name="release" visibility="public" complexity="5" crap="8.12" count="10"/>
        <line num="354" type="stmt" count="10"/>
        <line num="356" type="stmt" count="10"/>
        <line num="357" type="stmt" count="0"/>
        <line num="358" type="stmt" count="0"/>
        <line num="359" type="stmt" count="0"/>
        <line num="361" type="stmt" count="0"/>
        <line num="362" type="stmt" count="0"/>
        <line num="365" type="stmt" count="0"/>
        <line num="368" type="stmt" count="10"/>
        <line num="369" type="stmt" count="1"/>
        <line num="371" type="stmt" count="1"/>
        <line num="374" type="stmt" count="10"/>
        <line num="377" type="method" name="connect" visibility="private" complexity="8" crap="8.24" count="10"/>
        <line num="379" type="stmt" count="10"/>
        <line num="381" type="stmt" count="10"/>
        <line num="382" type="stmt" count="10"/>
        <line num="383" type="stmt" count="10"/>
        <line num="384" type="stmt" count="10"/>
        <line num="385" type="stmt" count="10"/>
        <line num="386" type="stmt" count="10"/>
        <line num="387" type="stmt" count="10"/>
        <line num="388" type="stmt" count="10"/>
        <line num="392" type="stmt" count="10"/>
        <line num="393" type="stmt" count="1"/>
        <line num="396" type="stmt" count="10"/>
        <line num="397" type="stmt" count="0"/>
        <line num="400" type="stmt" count="10"/>
        <line num="401" type="stmt" count="1"/>
        <line num="404" type="stmt" count="10"/>
        <line num="405" type="stmt" count="1"/>
        <line num="408" type="stmt" count="10"/>
        <line num="411" type="stmt" count="0"/>
        <line num="417" type="stmt" count="10"/>
        <line num="419" type="stmt" count="10"/>
        <line num="420" type="stmt" count="0"/>
        <line num="423" type="stmt" count="10"/>
        <line num="425" type="stmt" count="10"/>
        <line num="426" type="stmt" count="0"/>
        <line num="428" type="stmt" count="0"/>
        <line num="431" type="stmt" count="10"/>
        <line num="432" type="stmt" count="10"/>
        <line num="433" type="stmt" count="10"/>
        <line num="434" type="stmt" count="10"/>
        <line num="436" type="stmt" count="10"/>
        <line num="438" type="stmt" count="10"/>
        <line num="441" type="method" name="assertOpen" visibility="private" complexity="2" crap="2" count="10"/>
        <line num="443" type="stmt" count="10"/>
        <line num="444" type="stmt" count="1"/>
        <metrics loc="448" ncloc="394" classes="1" methods="18" coveredmethods="7" conditionals="0" coveredconditionals="0" statements="179" coveredstatements="140" elements="197" coveredelements="147"/>
      </file>
      <file name="/app/packages/persistence/src/Driver/PgsqlAsyncConnection.php">
        <class name="Kinetis\Persistence\Driver\PgsqlAsyncConnection" namespace="Kinetis\Persistence\Driver">
          <metrics complexity="1" methods="1" coveredmethods="1" conditionals="0" coveredconditionals="0" statements="1" coveredstatements="1" elements="2" coveredelements="2"/>
        </class>
        <line num="32" type="method" name="__construct" visibility="public" complexity="1" crap="1" count="10"/>
        <line num="35" type="stmt" count="10"/>
        <metrics loc="37" ncloc="24" classes="1" methods="1" coveredmethods="1" conditionals="0" coveredconditionals="0" statements="1" coveredstatements="1" elements="2" coveredelements="2"/>
      </file>
      <file name="/app/packages/persistence/src/Driver/PgsqlAsyncTransaction.php">
        <class name="Kinetis\Persistence\Driver\PgsqlAsyncTransaction" namespace="Kinetis\Persistence\Driver">
          <metrics complexity="6" methods="5" coveredmethods="5" conditionals="0" coveredconditionals="0" statements="6" coveredstatements="6" elements="11" coveredelements="11"/>
        </class>
        <line num="21" type="method" name="__construct" visibility="public" complexity="1" crap="1" count="4"/>
        <line num="25" type="stmt" count="4"/>
        <line num="27" type="method" name="run" visibility="protected" complexity="1" crap="1" count="1"/>
        <line num="29" type="stmt" count="1"/>
        <line num="32" type="method" name="runWithParams" visibility="protected" complexity="1" crap="1" count="3"/>
        <line num="34" type="stmt" count="3"/>
        <line num="37" type="method" name="finish" visibility="protected" complexity="2" crap="2" count="4"/>
        <line num="40" type="stmt" count="4"/>
        <line num="42" type="stmt" count="4"/>
        <line num="46" type="method" name="driverLabel" visibility="protected" complexity="1" crap="1" count="1"/>
        <line num="48" type="stmt" count="1"/>
        <metrics loc="51" ncloc="43" classes="1" methods="5" coveredmethods="5" conditionals="0" coveredconditionals="0" statements="6" coveredstatements="6" elements="11" coveredelements="11"/>
      </file>
      <file name="/app/packages/persistence/src/Driver/SqlParamInterpolator.php">
        <class name="Kinetis\Persistence\Driver\SqlParamInterpolator" namespace="Kinetis\Persistence\Driver">
          <metrics complexity="13" methods="1" coveredmethods="1" conditionals="0" coveredconditionals="0" statements="31" coveredstatements="31" elements="32" coveredelements="32"/>
        </class>
        <line num="33" type="method" name="interpolate" visibility="public" complexity="13" crap="13" count="19"/>
        <line num="35" type="stmt" count="19"/>
        <line num="36" type="stmt" count="19"/>
        <line num="37" type="stmt" count="19"/>
        <line num="38" type="stmt" count="19"/>
        <line num="40" type="stmt" count="19"/>
        <line num="41" type="stmt" count="19"/>
        <line num="43" type="stmt" count="19"/>
        <line num="44" type="stmt" count="3"/>
        <line num="46" type="stmt" count="3"/>
        <line num="47" type="stmt" count="1"/>
        <line num="48" type="stmt" count="3"/>
        <line num="49" type="stmt" count="3"/>
        <line num="52" type="stmt" count="3"/>
        <line num="55" type="stmt" count="19"/>
        <line num="56" type="stmt" count="3"/>
        <line num="57" type="stmt" count="3"/>
        <line num="58" type="stmt" count="3"/>
        <line num="61" type="stmt" count="19"/>
        <line num="62" type="stmt" count="18"/>
        <line num="63" type="stmt" count="1"/>
        <line num="66" type="stmt" count="18"/>
        <line num="67" type="stmt" count="18"/>
        <line num="68" type="stmt" count="18"/>
        <line num="71" type="stmt" count="19"/>
        <line num="74" type="stmt" count="18"/>
        <line num="75" type="stmt" count="3"/>
        <line num="76" type="stmt" count="3"/>
        <line num="77" type="stmt" count="3"/>
        <line num="78" type="stmt" count="3"/>
        <line num="79" type="stmt" count="3"/>
        <line num="82" type="stmt" count="15"/>
        <metrics loc="85" ncloc="64" classes="1" methods="1" coveredmethods="1" conditionals="0" coveredconditionals="0" statements="31" coveredstatements="31" elements="32" coveredelements="32"/>
      </file>
      <file name="/app/packages/persistence/src/Driver/StaleConnectionException.php">
        <class name="Kinetis\Persistence\Driver\StaleConnectionException" namespace="Kinetis\Persistence\Driver">
          <metrics complexity="0" methods="0" coveredmethods="0" conditionals="0" coveredconditionals="0" statements="0" coveredstatements="0" elements="0" coveredelements="0"/>
        </class>
        <metrics loc="28" ncloc="12" classes="0" methods="0" coveredmethods="0" conditionals="0" coveredconditionals="0" statements="0" coveredstatements="0" elements="0" coveredelements="0"/>
      </file>
    </package>
    <package name="Kinetis\Persistence\Exception">
      <file name="/app/packages/persistence/src/Exception/ConnectionException.php">
        <class name="Kinetis\Persistence\Exception\ConnectionException" namespace="Kinetis\Persistence\Exception">
          <metrics complexity="0" methods="0" coveredmethods="0" conditionals="0" coveredconditionals="0" statements="0" coveredstatements="0" elements="0" coveredelements="0"/>
        </class>
        <metrics loc="13" ncloc="10" classes="0" methods="0" coveredmethods="0" conditionals="0" coveredconditionals="0" statements="0" coveredstatements="0" elements="0" coveredelements="0"/>
      </file>
      <file name="/app/packages/persistence/src/Exception/QueryException.php">
        <class name="Kinetis\Persistence\Exception\QueryException" namespace="Kinetis\Persistence\Exception">
          <metrics complexity="2" methods="2" coveredmethods="1" conditionals="0" coveredconditionals="0" statements="2" coveredstatements="1" elements="4" coveredelements="2"/>
        </class>
        <line num="14" type="method" name="__construct" visibility="public" complexity="1" crap="1" count="6"/>
        <line num="19" type="stmt" count="6"/>
        <line num="22" type="method" name="getQuery" visibility="public" complexity="1" crap="2" count="0"/>
        <line num="24" type="stmt" count="0"/>
        <metrics loc="27" ncloc="24" classes="1" methods="2" coveredmethods="1" conditionals="0" coveredconditionals="0" statements="2" coveredstatements="1" elements="4" coveredelements="2"/>
      </file>
      <file name="/app/packages/persistence/src/Exception/SqlException.php">
        <class name="Kinetis\Persistence\Exception\SqlException" namespace="Kinetis\Persistence\Exception">
          <metrics complexity="0" methods="0" coveredmethods="0" conditionals="0" coveredconditionals="0" statements="0" coveredstatements="0" elements="0" coveredelements="0"/>
        </class>
        <metrics loc="15" ncloc="12" classes="0" methods="0" coveredmethods="0" conditionals="0" coveredconditionals="0" statements="0" coveredstatements="0" elements="0" coveredelements="0"/>
      </file>
      <file name="/app/packages/persistence/src/Exception/TransactionException.php">
        <class name="Kinetis\Persistence\Exception\TransactionException" namespace="Kinetis\Persistence\Exception">
          <metrics complexity="0" methods="0" coveredmethods="0" conditionals="0" coveredconditionals="0" statements="0" coveredstatements="0" elements="0" coveredelements="0"/>
        </class>
        <metrics loc="14" ncloc="10" classes="0" methods="0" coveredmethods="0" conditionals="0" coveredconditionals="0" statements="0" coveredstatements="0" elements="0" coveredelements="0"/>
      </file>
    </package>
    <metrics files="29" loc="2385" ncloc="1878" classes="16" methods="91" coveredmethods="61" conditionals="0" coveredconditionals="0" statements="637" coveredstatements="520" elements="728" coveredelements="581"/>
  </project>
</coverage>
